<?xml version="1.0" encoding="UTF-8"?>
<!-- Generated by org.testng.reporters.JUnitXMLReporter -->
<testsuite hostname="DESKTOP-QQHIPVQ" name="Default test" tests="4" failures="0" timestamp="17 Feb 2021 06:07:02 GMT" time="0.143" errors="0">
  <testcase name="regular" time="0.021" classname="crm_demo.JavaStreams2"/>
  <testcase name="streamArray" time="0.086" classname="crm_demo.JavaStreams2"/>
  <testcase name="streamConcat" time="0.003" classname="crm_demo.JavaStreams2"/>
  <testcase name="streamFilter" time="0.01" classname="crm_demo.JavaStreams2"/>
</testsuite> <!-- Default test -->
