<?xml version="1.0" encoding="UTF-8"?>
<testng-results skipped="0" failed="0" total="4" passed="4">
  <reporter-output>
  </reporter-output>
  <suite name="Default suite" duration-ms="143" started-at="2021-02-17T06:07:02Z" finished-at="2021-02-17T06:07:02Z">
    <groups>
    </groups>
    <test name="Default test" duration-ms="143" started-at="2021-02-17T06:07:02Z" finished-at="2021-02-17T06:07:02Z">
      <class name="crm_demo.JavaStreams2">
        <test-method status="PASS" signature="regular()[pri:0, instance:crm_demo.JavaStreams2@12843fce]" name="regular" duration-ms="21" started-at="2021-02-17T11:37:02Z" finished-at="2021-02-17T11:37:02Z">
          <reporter-output>
          </reporter-output>
        </test-method> <!-- regular -->
        <test-method status="PASS" signature="streamArray()[pri:0, instance:crm_demo.JavaStreams2@12843fce]" name="streamArray" duration-ms="86" started-at="2021-02-17T11:37:02Z" finished-at="2021-02-17T11:37:02Z">
          <reporter-output>
          </reporter-output>
        </test-method> <!-- streamArray -->
        <test-method status="PASS" signature="streamConcat()[pri:0, instance:crm_demo.JavaStreams2@12843fce]" name="streamConcat" duration-ms="3" started-at="2021-02-17T11:37:02Z" finished-at="2021-02-17T11:37:02Z">
          <reporter-output>
          </reporter-output>
        </test-method> <!-- streamConcat -->
        <test-method status="PASS" signature="streamFilter()[pri:0, instance:crm_demo.JavaStreams2@12843fce]" name="streamFilter" duration-ms="10" started-at="2021-02-17T11:37:02Z" finished-at="2021-02-17T11:37:02Z">
          <reporter-output>
          </reporter-output>
        </test-method> <!-- streamFilter -->
      </class> <!-- crm_demo.JavaStreams2 -->
    </test> <!-- Default test -->
  </suite> <!-- Default suite -->
</testng-results>
